<?xml version="1.0" encoding="utf-8"?><testsuite errors="0" failures="0" name="pytest" skips="0" tests="4" time="0.045"><testcase classname="test_submit.CloudCostTests" file="test_submit.py" line="10" name="test_app_execution" time="0.0010006427764892578"><system-out>0.0012488
0.012487999999999999
0.06244
0.12488
1.2488
6.244
</system-out></testcase><testcase classname="test_submit.CloudCostTests" file="test_submit.py" line="6" name="test_lambda_execution" time="0.0"></testcase><testcase classname="test_submit.CloudCostTests" file="test_submit.py" line="19" name="test_month" time="0.0010013580322265625"><system-out>0.0012488
0.0387128
0.0012488
0.0349664
0.0012488
0.037464
0.06244
1.8732
0.12488
3.7464
1.2488
37.464
6.244
187.32
</system-out></testcase><testcase classname="test_submit.CloudCostTests" file="test_submit.py" line="29" name="test_year" time="0.004015445709228516"><system-out>0.0012488
0.0387128
0.0012488
0.0349664
0.0012488
0.0387128
0.0012488
0.037464
0.0012488
0.0387128
0.0012488
0.037464
0.0012488
0.0387128
0.0012488
0.0387128
0.0012488
0.037464
0.0012488
0.0387128
0.0012488
0.037464
0.0012488
0.0387128
[0.0387128, 0.0349664, 0.0387128, 0.037464, 0.0387128, 0.037464, 0.0387128, 0.0387128, 0.037464, 0.0387128, 0.037464, 0.0387128]
0.0012488
0.0387128
0.0012488
0.0349664
0.0012488
0.0387128
0.0012488
0.037464
0.0012488
0.0387128
0.0012488
0.037464
0.0012488
0.0387128
0.0012488
0.0387128
0.0012488
0.037464
0.0012488
0.0387128
0.0012488
0.037464
0.0012488
0.0387128
[0.0387128, 0.0349664, 0.0387128, 0.037464, 0.0387128, 0.037464, 0.0387128, 0.0387128, 0.037464, 0.0387128, 0.037464, 0.0387128]
0.06244
1.93564
0.06244
1.74832
0.06244
1.93564
0.06244
1.8732
0.06244
1.93564
0.06244
1.8732
0.06244
1.93564
0.06244
1.93564
0.06244
1.8732
0.06244
1.93564
0.06244
1.8732
0.06244
1.93564
[1.93564, 1.74832, 1.93564, 1.8732, 1.93564, 1.8732, 1.93564, 1.93564, 1.8732, 1.93564, 1.8732, 1.93564]
0.12488
3.87128
0.12488
3.49664
0.12488
3.87128
0.12488
3.7464
0.12488
3.87128
0.12488
3.7464
0.12488
3.87128
0.12488
3.87128
0.12488
3.7464
0.12488
3.87128
0.12488
3.7464
0.12488
3.87128
[3.87128, 3.49664, 3.87128, 3.7464, 3.87128, 3.7464, 3.87128, 3.87128, 3.7464, 3.87128, 3.7464, 3.87128]
1.2488
38.712799999999994
1.2488
34.9664
1.2488
38.712799999999994
1.2488
37.464
1.2488
38.712799999999994
1.2488
37.464
1.2488
38.712799999999994
1.2488
38.712799999999994
1.2488
37.464
1.2488
38.712799999999994
1.2488
37.464
1.2488
38.712799999999994
[38.712799999999994, 34.9664, 38.712799999999994, 37.464, 38.712799999999994, 37.464, 38.712799999999994, 38.712799999999994, 37.464, 38.712799999999994, 37.464, 38.712799999999994]
6.244
193.564
6.244
174.832
6.244
193.564
6.244
187.32
6.244
193.564
6.244
187.32
6.244
193.564
6.244
193.564
6.244
187.32
6.244
193.564
6.244
187.32
6.244
193.564
[193.564, 174.832, 193.564, 187.32, 193.564, 187.32, 193.564, 193.564, 187.32, 193.564, 187.32, 193.564]
</system-out></testcase></testsuite>